<?xml version="1.0" encoding="UTF-8"?>
<testsuite name="Test Case"
           tests="4"
           failures="0"
           errors="0"
           skipped="0"
           time="43.271">
  <properties />
  
  
            <testcase name="navigateSuccessfullyToPracticePage" time="3.992" classname="com.letskodeit.learn.testsuite.TestCase" />
                <testcase name="navigateSuccessfullyToSignupPage" time="7.645" classname="com.letskodeit.learn.testsuite.TestCase" />
                <testcase name="navigateSuccessfullyToLoginPage" time="25.785" classname="com.letskodeit.learn.testsuite.TestCase" />
                <testcase name="userShouldSelectHondaElementFromDropDownMenu" time="5.849" classname="com.letskodeit.learn.testsuite.TestCase" />
      
</testsuite>
